{
  "RSpec": {
    "coverage": {
      "/home/shumai/Documents/may/grp_pro/banta/app/jobs/application_job.rb": [
        0,
        0
      ],
      "/home/shumai/Documents/may/grp_pro/banta/app/jobs/message_relay_job.rb": [
        0,
        0,
        null,
        0,
        null,
        0,
        0,
        0,
        0,
        0,
        0
      ],
      "/home/shumai/Documents/may/grp_pro/banta/app/models/room.rb": [
        0,
        0,
        0,
        0,
        null,
        0,
        0,
        0
      ],
      "/home/shumai/Documents/may/grp_pro/banta/app/models/room_user.rb": [
        0,
        0,
        0,
        0
      ],
      "/home/shumai/Documents/may/grp_pro/banta/app/models/message.rb": [
        0,
        0,
        0,
        null,
        0,
        null,
        0,
        null,
        0,
        0,
        null,
        0,
        0,
        0,
        0,
        0,
        0,
        0,
        null,
        0,
        0,
        0,
        0
      ],
      "/home/shumai/Documents/may/grp_pro/banta/app/models/user.rb": [
        0,
        0,
        null,
        null,
        0,
        0,
        0,
        0
      ],
      "/home/shumai/Documents/may/grp_pro/banta/app/models/application_record.rb": [
        0,
        0,
        0
      ],
      "/home/shumai/Documents/may/grp_pro/banta/app/mailers/application_mailer.rb": [
        0,
        0,
        0,
        0
      ],
      "/home/shumai/Documents/may/grp_pro/banta/app/helpers/messages_helper.rb": [
        0,
        0
      ],
      "/home/shumai/Documents/may/grp_pro/banta/app/helpers/rooms_helper.rb": [
        0,
        0
      ],
      "/home/shumai/Documents/may/grp_pro/banta/app/helpers/room_users_helper.rb": [
        0,
        0
      ],
      "/home/shumai/Documents/may/grp_pro/banta/app/helpers/application_helper.rb": [
        0,
        0
      ],
      "/home/shumai/Documents/may/grp_pro/banta/app/controllers/rooms_controller.rb": [
        0,
        0,
        0,
        null,
        0,
        0,
        0,
        0,
        null,
        0,
        0,
        0,
        null,
        0,
        0,
        0,
        null,
        0,
        0,
        null,
        0,
        0,
        0,
        0,
        0,
        0,
        0,
        0,
        0,
        0,
        0,
        0,
        null,
        0,
        0,
        0,
        0,
        0,
        0,
        0,
        0,
        0,
        0,
        0,
        null,
        0,
        0,
        0,
        0,
        0,
        0,
        0,
        null,
        0,
        null,
        0,
        0,
        0,
        null,
        null,
        0,
        0,
        0,
        0
      ],
      "/home/shumai/Documents/may/grp_pro/banta/app/controllers/room_users_controller.rb": [
        0,
        0,
        0,
        null,
        0,
        null,
        0,
        0,
        0,
        null,
        0,
        0,
        0,
        0,
        null,
        0,
        null,
        0,
        0,
        0,
        null,
        0
      ],
      "/home/shumai/Documents/may/grp_pro/banta/app/controllers/messages_controller.rb": [
        0,
        0,
        0,
        null,
        null,
        0,
        0,
        0,
        0,
        0,
        null,
        null,
        null,
        null,
        null,
        null,
        null,
        null,
        null,
        0,
        null,
        0,
        0,
        0,
        0,
        null,
        0,
        null,
        0,
        0,
        0,
        null,
        0,
        0,
        0,
        0
      ],
      "/home/shumai/Documents/may/grp_pro/banta/app/controllers/application_controller.rb": [
        0,
        null,
        0,
        null,
        0,
        null,
        0,
        0,
        0,
        null,
        null,
        0,
        null,
        0,
        0,
        0,
        0,
        null,
        0
      ],
      "/home/shumai/Documents/may/grp_pro/banta/app/controllers/users/omniauth_callbacks_controller.rb": [
        null,
        null,
        0,
        null,
        null,
        null,
        null,
        null,
        null,
        null,
        null,
        null,
        null,
        null,
        null,
        null,
        null,
        null,
        null,
        null,
        null,
        null,
        null,
        null,
        null,
        null,
        null,
        null,
        null,
        0
      ],
      "/home/shumai/Documents/may/grp_pro/banta/app/controllers/users/registrations_controller.rb": [
        null,
        null,
        0,
        null,
        null,
        null,
        null,
        null,
        null,
        null,
        null,
        null,
        null,
        null,
        null,
        null,
        null,
        null,
        null,
        null,
        null,
        null,
        null,
        null,
        null,
        null,
        null,
        null,
        null,
        null,
        null,
        null,
        null,
        null,
        null,
        null,
        null,
        null,
        null,
        null,
        null,
        null,
        null,
        null,
        null,
        null,
        null,
        null,
        null,
        null,
        null,
        null,
        null,
        null,
        null,
        null,
        null,
        null,
        null,
        null,
        null,
        null,
        0,
        null,
        0,
        0,
        0,
        null,
        0
      ],
      "/home/shumai/Documents/may/grp_pro/banta/app/controllers/users/confirmations_controller.rb": [
        null,
        null,
        0,
        null,
        null,
        null,
        null,
        null,
        null,
        null,
        null,
        null,
        null,
        null,
        null,
        null,
        null,
        null,
        null,
        null,
        null,
        null,
        null,
        null,
        null,
        null,
        null,
        null,
        null,
        0
      ],
      "/home/shumai/Documents/may/grp_pro/banta/app/controllers/users/sessions_controller.rb": [
        null,
        null,
        0,
        0,
        null,
        0,
        0,
        0,
        0,
        null,
        0,
        0,
        0,
        0,
        null,
        0,
        0,
        0,
        0,
        null,
        0,
        null,
        0,
        0,
        0,
        0,
        0
      ],
      "/home/shumai/Documents/may/grp_pro/banta/app/controllers/users/unlocks_controller.rb": [
        null,
        null,
        0,
        null,
        null,
        null,
        null,
        null,
        null,
        null,
        null,
        null,
        null,
        null,
        null,
        null,
        null,
        null,
        null,
        null,
        null,
        null,
        null,
        null,
        null,
        null,
        null,
        null,
        null,
        0
      ],
      "/home/shumai/Documents/may/grp_pro/banta/app/controllers/users/passwords_controller.rb": [
        null,
        null,
        0,
        null,
        null,
        null,
        null,
        null,
        null,
        null,
        null,
        null,
        null,
        null,
        null,
        null,
        null,
        null,
        null,
        null,
        null,
        null,
        null,
        null,
        null,
        null,
        null,
        null,
        null,
        null,
        null,
        null,
        null,
        0
      ],
      "/home/shumai/Documents/may/grp_pro/banta/app/channels/banter_channel.rb": [
        0,
        null,
        0,
        null,
        0,
        0,
        0,
        0,
        null,
        0,
        0,
        0,
        0
      ],
      "/home/shumai/Documents/may/grp_pro/banta/app/channels/application_cable/channel.rb": [
        0,
        0,
        0,
        0
      ],
      "/home/shumai/Documents/may/grp_pro/banta/app/channels/application_cable/connection.rb": [
        0,
        0,
        0,
        null,
        0,
        0,
        0,
        0,
        null,
        0,
        null,
        0,
        0,
        0,
        0,
        0,
        0,
        0,
        0,
        0
      ]
    },
    "timestamp": 1526113047
  }
}
